<?xml version="1.0" encoding="UTF-8"?>
<!--

    Copyright (c) 1997, 2019 Oracle and/or its affiliates. All rights reserved.

    This program and the accompanying materials are made available under the
    terms of the Eclipse Distribution License v. 1.0, which is available at
    http://www.eclipse.org/org/documents/edl-v10.php.

    SPDX-License-Identifier: BSD-3-Clause

-->

<descriptor since="2.2" bugs="jax-ws-681">
  <description>This tests mapping of exceptions from Java to WSDL. This does not validate the bean generation but only 
      the rules relating to calculation of service specific exception </description>

  <service basedir="./server">
  </service>

</descriptor>
