<?xml version="1.0" encoding="UTF-8"?>
<!--

    Copyright (c) 1997, 2019 Oracle and/or its affiliates. All rights reserved.

    This program and the accompanying materials are made available under the
    terms of the Eclipse Distribution License v. 1.0, which is available at
    http://www.eclipse.org/org/documents/edl-v10.php.

    SPDX-License-Identifier: BSD-3-Clause

-->

<descriptor since="2.0">
  <description>Micro benchmark for doc/lit</description>
  <service>
    <wsdl href="doclit.wsdl" />
  </service>
  <pre-client>
    static ComplexType createComplexType() {
      ComplexType ct = new ComplexType();
      ct.setVarString("hello world");
      ct.setVarInt(53);
      ct.setVarFloat(913.4f);
      return ct;
    }
    static NestedComplexType createNestedComplexType() {
      NestedComplexType nct = new NestedComplexType();
      nct.setVarString("hello world");
      nct.setVarInt(53);
      nct.setVarFloat(913.4f);
      nct.setVarComplexType(createComplexType());
      return nct;
    }
  </pre-client>
  <client name="echoVoid">
    echoPort.echoVoid();
  </client>
  <client name="echoString">
    echoPort.echoString("hello");
  </client>
  <client name="echoBoolean">
    echoPort.echoBoolean(true);
    echoPort.echoBoolean(false);
  </client>
  <client name="echoBase64"><![CDATA[
    StringBuffer buf = new StringBuffer();
    for(int i=0;i<10;i++) buf.append("0123456789");
    echoPort.echoBase64(buf.toString().getBytes());
  ]]></client>
  <client name="echoDate">
    javax.xml.datatype.DatatypeFactory dtf = javax.xml.datatype.DatatypeFactory.newInstance();
    Calendar cal = Calendar.getInstance();
    javax.xml.datatype.XMLGregorianCalendar gregorianDate = dtf.newXMLGregorianCalendarDate(2005, 1, 12, javax.xml.datatype.DatatypeConstants.FIELD_UNDEFINED);

    echoPort.echoDate(gregorianDate);
  </client>
  <client name="echoFloat">
    echoPort.echoFloat(1.234f);
  </client>
  <client name="echoInteger">
    echoPort.echoInteger(123);
  </client>
  <client name="echoDecimal">
    echoPort.echoDecimal(new java.math.BigDecimal("123"));
  </client>
  <client name="echoEnum">
    echoPort.echoEnum(benchmark.doclit.client.Enum.BIT_FIVE);
  </client>
  <client name="echoStringArray"><![CDATA[
    List lst = new ArrayList();
    for( int i=0; i<10; i++ )
      lst.add("hello world");
    echoPort.echoStringArray(lst);
  ]]></client>
  <client name="echoIntArray"><![CDATA[
    List lst = new ArrayList();
    for( int i=0; i<10; i++ )
      lst.add(i);
    echoPort.echoIntegerArray(lst);
  ]]></client>
  <client name="echoFloatArray"><![CDATA[
    List lst = new ArrayList();
    for( int i=0; i<10; i++ )
      lst.add((float)i);
    echoPort.echoFloatArray(lst);
  ]]></client>
  <client name="echoComplexType">
    echoPort.echoComplexType(createComplexType());
  </client>
  <client name="echoNestedComplexType">
    echoPort.echoNestedComplexType(createNestedComplexType());
  </client>
  <client name="echoComplexTypeArray"><![CDATA[
    List lst = new ArrayList();
    for(int i=0;i<100;i++)
      lst.add(createComplexType());
    echoPort.echoComplexTypeArray(lst);
  ]]></client>
</descriptor>
