<?xml version="1.0" encoding="UTF-8"?>
<!--

    Copyright (c) 1997, 2019 Oracle and/or its affiliates. All rights reserved.

    This program and the accompanying materials are made available under the
    terms of the Eclipse Distribution License v. 1.0, which is available at
    http://www.eclipse.org/org/documents/edl-v10.php.

    SPDX-License-Identifier: BSD-3-Clause

-->

<descriptor since="2.0" transport="http">
  <description>misc</description>

  <client name="server_misc_bad_charset" sideEffectFree="true" since="2.1.4">
      <description>Sends a message with wrong charset in Content-Type</description>
      <![CDATA[
    String message = "<soapenv:Envelope xmlns:soapenv='http://schemas.xmlsoap.org/soap/envelope/' xmlns:ns1='http://example.com/types'>" +
                    "<soapenv:Body><ns1:echo><ns1:reqInfo>foo</ns1:reqInfo></ns1:echo></soapenv:Body></soapenv:Envelope>";

    testutil.HTTPResponseInfo rInfo = testutil.ClientServerTestUtil.sendPOSTRequest(helloPort, message, "text/xml;charset=usascii");
    assertEquals(415, rInfo.getResponseCode());
  ]]></client>
    
  <service basedir="./server">
    <wsdl href="header.wsdl"/>
  </service>

</descriptor>
