<?xml version="1.0" encoding="UTF-8"?>
<!--

    Copyright (c) 1997, 2019 Oracle and/or its affiliates. All rights reserved.

    This program and the accompanying materials are made available under the
    terms of the Eclipse Distribution License v. 1.0, which is available at
    http://www.eclipse.org/org/documents/edl-v10.php.

    SPDX-License-Identifier: BSD-3-Clause

-->

<descriptor since="2.1">
    <description>
        Test From Java Service in default package
    </description>
    <client name="fromjava.default-pkg1">
        assertTrue(echoPort.addNumbers(1,2)== 3);
    </client>
    <client name="fromjava.default-pkg2">
        try {
            echoPort.addNumbers(-1,2);
            assertTrue(false);
        } catch(AddNumbersException_Exception e) {
            //As expected
        }
    </client>
    <service/>
</descriptor>
