<?xml version="1.0" encoding="UTF-8"?>
<!--

    Copyright (c) 1997, 2019 Oracle and/or its affiliates. All rights reserved.

    This program and the accompanying materials are made available under the
    terms of the Eclipse Distribution License v. 1.0, which is available at
    http://www.eclipse.org/org/documents/edl-v10.php.

    SPDX-License-Identifier: BSD-3-Clause

-->

<descriptor since="2.0">
  <description>This is a Provider test</description>
  <client name="provider.doclit1" sideEffectFree="true"><![CDATA[
    Hello_Type req = new Hello_Type();
    req.setArgument("arg");
    req.setExtra("extra");
    for(int i=0; i < 5; i++) {
        HelloResponse response = helloPort.hello(req, req);
        assertEquals("arg", response.getArgument());
        assertEquals("extra", response.getExtra());
    }
  ]]></client>

  <client name="provider.doclit3" sideEffectFree="true"><![CDATA[
    Hello_Type req = new Hello_Type();
    req.setArgument("fault");
    req.setExtra("extra");
    try {
        HelloResponse response = helloPort.hello(req, req);
    } catch (SOAPFaultException e) {
        SOAPFaultException se = (SOAPFaultException)e;
        assertEquals("Server was unable to process request. ---> Not a valid accountnumber.", se.getFault().getFaultString());
    }
  ]]></client>

  <client name="provider.verify.wsdl" transport="http" sideEffectFree="true"><![CDATA[
        URL pubUrl = new URL(helloPortAddress + "?wsdl");
        java.io.InputStream in = pubUrl.openStream();
        java.io.BufferedReader bufferedReader = new java.io.BufferedReader(new java.io.InputStreamReader(in), 1);
        String line;
        while ((line = bufferedReader.readLine()) != null) {
            System.out.println(line);
        }
        in.close();
  ]]></client>

  <client name="provider.verify.xsd" transport="http" sideEffectFree="true"><![CDATA[
        URL pubUrl = new URL(helloPortAddress + "?xsd=1");
        java.io.InputStream in = pubUrl.openStream();
        java.io.BufferedReader bufferedReader = new java.io.BufferedReader(new java.io.InputStreamReader(in), 1);
        String line;
        while ((line = bufferedReader.readLine()) != null) {
            System.out.println(line);
        }
        //while(in.read() != -1);
        in.close();
  ]]></client>

  <service basedir="./server">
    <wsdl href="hello_literal.wsdl"/>
  </service>

</descriptor>
