<?xml version="1.0" encoding="UTF-8"?>
<!--

    Copyright (c) 1997, 2019 Oracle and/or its affiliates. All rights reserved.

    This program and the accompanying materials are made available under the
    terms of the Eclipse Distribution License v. 1.0, which is available at
    http://www.eclipse.org/org/documents/edl-v10.php.

    SPDX-License-Identifier: BSD-3-Clause

-->

<descriptor since="2.1.7" bugs="JAX-WS-557">
  <description>
    Test JAXB annotations on Web Params
  </description>
  <client name="fromjava.jaxb_annotation">
  //See https://jaxb.dev.java.net/issues/show_bug.cgi?id=696
      String s = "\t\rtest test\t";
      String exp = "  test test ";
      assertEquals(exp, echoPort.normalize(s));
      NormalizedString normStr = new NormalizedString();
      normStr.setNormalized(s);
      assertEquals(exp, echoPort.echo(normStr).getNormalized());

  </client>
  <service />
</descriptor>
