<?xml version="1.0" encoding="UTF-8"?>
<!--

    Copyright (c) 1997, 2019 Oracle and/or its affiliates. All rights reserved.

    This program and the accompanying materials are made available under the
    terms of the Eclipse Distribution License v. 1.0, which is available at
    http://www.eclipse.org/org/documents/edl-v10.php.

    SPDX-License-Identifier: BSD-3-Clause

-->

<descriptor since="2.2" bugs="jax-ws-729">
    <description>customization test for fully qualified exception names</description>
    <service basedir="./server">
        <wsdl href="custom.wsdl"/>
    </service>
    <client name="test3">
        // customized with fully qualified service class name
        custom.pkg.CustomService customService = new custom.pkg.CustomService();
        Hello helloPort = customService.getHelloPort();
        assertEquals("HelloWorld!", helloPort.foo("Hello", "World!"));
    </client>
</descriptor>
