<?xml version="1.0" encoding="UTF-8"?>
<!--

    Copyright (c) 1997, 2019 Oracle and/or its affiliates. All rights reserved.

    This program and the accompanying materials are made available under the
    terms of the Eclipse Distribution License v. 1.0, which is available at
    http://www.eclipse.org/org/documents/edl-v10.php.

    SPDX-License-Identifier: BSD-3-Clause

-->

<descriptor since="2.2.6" uses="ri" transport="in-vm">
    <description>This is legacy inheritance WebMethod test</description>

    <system-properties>com.sun.xml.ws.legacyWebMethod=true</system-properties>


    <client name="inheritance_webMethods" sideEffectFree="true">
        <description>inheritance_webMethods</description>
        <![CDATA[
            assertEquals("str", testImplPort.method1("str"));
            assertEquals("str", testImplPort.method3("str"));
        ]]>
    </client>

    <client name="inheritance_webMethods_reflection" sideEffectFree="true">
        <description>inheritance_webMethods_reflection</description>
        <![CDATA[
            clazz = fromjava.webmethod.legacy.inheritance.client.TestImpl.class;
            methods = clazz.getMethods();
            assertEquals(3, methods.length);
        ]]>
    </client>

    <service basedir="./server" class="fromjava.webmethod.legacy.inheritance.server.TestImpl"/>

</descriptor>
