<?xml version="1.0" encoding="UTF-8"?>
<!--

    Copyright (c) 1997, 2019 Oracle and/or its affiliates. All rights reserved.

    This program and the accompanying materials are made available under the
    terms of the Eclipse Distribution License v. 1.0, which is available at
    http://www.eclipse.org/org/documents/edl-v10.php.

    SPDX-License-Identifier: BSD-3-Clause

-->

<descriptor since="2.0">
  <description>This is a Provider test</description>

  <client name="fromjava.seinoimpl" sideEffectFree="true">
  <description>testSimple</description>
  <![CDATA[
        Bar bar = new Bar();
        bar.setAge(33);

        assertEquals("test", echoImplPort.echoString("test"));
        assertEquals("Mary & Paul", echoImplPort.echoString("Mary & Paul"));
        assertEquals(bar.getAge(), echoImplPort.echoBar(bar).getAge());
        Holder age = new Holder();
        age.value = 33;
        echoImplPort.echoIntHolder(age);
        assertEquals(66, age.value);
  ]]></client>

  <service basedir="./server">
  </service>

</descriptor>
