<?xml version="1.0" encoding="UTF-8"?>
<!--

    Copyright (c) 1997, 2019 Oracle and/or its affiliates. All rights reserved.

    This program and the accompanying materials are made available under the
    terms of the Eclipse Distribution License v. 1.0, which is available at
    http://www.eclipse.org/org/documents/edl-v10.php.

    SPDX-License-Identifier: BSD-3-Clause

-->

<descriptor since="2.0">
  <description>This is a Provider Oneway test</description>
  <client name="provider.doclit.oneway" sideEffectFree="true"><![CDATA[
    Hello_Type req = new Hello_Type();
    req.setArgument("foo");
    req.setExtra("bar");
    for(int i=0; i < 5; i++) {
        helloPort.hello(req);
    }
  ]]></client>

  <service basedir="./server">
    <wsdl href="hello_literal_oneway.wsdl"/>
  </service>

</descriptor>
