<?xml version="1.0" encoding="UTF-8"?>
<!--

    Copyright (c) 1997, 2019 Oracle and/or its affiliates. All rights reserved.

    This program and the accompanying materials are made available under the
    terms of the Eclipse Distribution License v. 1.0, which is available at
    http://www.eclipse.org/org/documents/edl-v10.php.

    SPDX-License-Identifier: BSD-3-Clause

-->

<descriptor since="2.1.3">
    <wsimport-client>-XadditionalHeaders</wsimport-client>
    <wsimport-server>-XadditionalHeaders</wsimport-server>    
    <description>This is a fromwsdl additional header doc/lit test</description>

    <client name="fromwsdl.addtional_header.echoWithInHeaders">
        <description>
            test additional headers - echoWithInHeaders
        </description>
        String resp = helloPort.echoWithInHeaders("body", "additionalHeader1", "additionalHeader2");
        assertEquals("bodyadditionalHeader1additionalHeader2", resp);
    </client>

    <client name="fromwsdl.addtional_header.echoWithOutHeaders">
        <description>
            test additional headers - echoWithOutHeaders
        </description>
        Holder header1 = new Holder();
        Holder header2 = new Holder();
        String resp = helloPort.echoWithOutHeaders("body", header1, header2);
        assertEquals("bodyadditionalHeader1additionalHeader2", resp);
        assertEquals("bodyadditionalHeader1", header1.value);
        assertEquals("bodyadditionalHeader2", header2.value);
    </client>

    <client name="fromwsdl.addtional_header.echoWithInOutHeaders">
        <description>
            test additional headers - echoWithInOutHeaders
        </description>
        Holder header1 = new Holder();
        header1.value = "additionalHeader1";
        Holder header2 = new Holder();
        String resp = helloPort.echoWithInOutHeaders("body", header1, header2);
        assertEquals("bodyadditionalHeader1additionalHeader2", resp);
        assertEquals("bodyadditionalHeader1", header1.value);
        assertEquals("bodyadditionalHeader2", header2.value);
    </client>

    <client name="fromwsdl.addtional_header.echoWithInOutHeadersBare">
        <description>
            test additional headers - echoWithInOutHeaders
        </description>
        EchoType req = new EchoType();
        req.setReqInfo("body");
        Holder header1 = new Holder();
        Holder header2 = new Holder();
        header2.value = "additionalHeader2";
        EchoResponseType resp = helloPort.echoWithInOutHeadersBare(req, "header", header2, header1);
        assertEquals("bodyheaderadditionalHeader1additionalHeader2", resp.getRespInfo());
        assertEquals("bodyadditionalHeader1", header1.value);
        assertEquals("bodyadditionalHeader2", header2.value);
    </client>

    <service basedir="./server">
        <wsdl href="sample.wsdl"/>
    </service>
</descriptor>
