<?xml version="1.0" encoding="UTF-8"?>
<!--

    Copyright (c) 1997, 2019 Oracle and/or its affiliates. All rights reserved.

    This program and the accompanying materials are made available under the
    terms of the Eclipse Distribution License v. 1.0, which is available at
    http://www.eclipse.org/org/documents/edl-v10.php.

    SPDX-License-Identifier: BSD-3-Clause

-->

<descriptor since="2.2.2" uses="servlet30">
    <description>Partial web.xml deployment with no WSServletContextListener specified</description>
    <service basedir="./server">
        <wsdl href="service.wsdl"/>
    </service>
    <pre-client>
        import java.math.BigDecimal;
    </pre-client>

    <client name="fromwsdl.wsdl_rpclit.echoCatalog">
        <![CDATA[
        in = new CatalogType();
        CatalogItem [] cil = {new CatalogItem(), new CatalogItem()};
        cil[0].setName("JAXRPC SI 1.1.2");
        cil[0].setBrand("Sun Microsystems, Inc.");
        cil[0].setCategory("Web Services");
        cil[0].setProductNumber(1234);
        cil[0].setDescription("Coolest Webservice Product");
        cil[0].setPrice(new BigDecimal("100"));
        cil[1].setName("JAXRPC SI 2.0");
        cil[1].setBrand("Sun Microsystems, Inc.");
        cil[1].setCategory("Web Services");
        cil[1].setProductNumber(5678);
        cil[1].setDescription("Coolest Webservice Product");
        cil[1].setPrice(new BigDecimal("200"));
        in.getItem().add(cil[0]);
        in.getItem().add(cil[1]);
        ret = retailerPort.echoCatalog(in);
        for(int i = 0; i < ret.getItem().size(); i++){
            gci = ret.getItem().get(i);
            assertEquals(gci.getName(), cil[i].getName());
            assertEquals(gci.getBrand(), cil[i].getBrand());
            assertEquals(gci.getCategory(), cil[i].getCategory());
            assertEquals(gci.getProductNumber(), cil[i].getProductNumber());
            assertEquals(gci.getDescription(), cil[i].getDescription());
            assertEquals(gci.getPrice(), cil[i].getPrice());
        }
        ]]>
    </client>
   </descriptor>

