<?xml version="1.0" encoding="UTF-8"?>
<!--

    Copyright (c) 1997, 2019 Oracle and/or its affiliates. All rights reserved.

    This program and the accompanying materials are made available under the
    terms of the Eclipse Distribution License v. 1.0, which is available at
    http://www.eclipse.org/org/documents/edl-v10.php.

    SPDX-License-Identifier: BSD-3-Clause

-->

<descriptor since="2.0">
    <description>This is a fromwsdl SOAP 1.2 very basic doclit tests tests</description>
    <service basedir="./server">
        <wsdl href="hello.wsdl"/>
    </service>

    <client name="test1">
            String arg = "foo";
            String extra = "bar";
            Hello_Type req = new Hello_Type();
            req.setArgument(arg);
            req.setExtra(extra);
            HelloResponse response = helloPort.hello(req);
            assertEquals(arg, response.getArgument());
            assertEquals(extra, response.getExtra());
    </client>

    <client name="test2">
        VoidType req = new VoidType();
        VoidType response = helloPort.voidTest(req);
        assertNotNull(response);
    </client>

    <client name="test3">
        <description>
            Tests SOAP header and body with inout rules in doclit wrapped mode.
        </description>
            String[] in = {"JAXRPC 1.0", "JAXRPC 1.1", "JAXRPC 1.1.2", "JAXRPC 2.0"};
            NameType nt = new NameType();
            nt.getName().add(in[0]);
            nt.getName().add(in[1]);
            nt.getName().add(in[2]);
            nt.getName().add(in[3]);
            Holder req = new Holder(nt);
            helloPort.echoArray(req);
            assertNull(req.value);
    </client>

    <client name="test4">
        <description>
            Tests inout SOAP header and body in dolict bare mode.
        </description>
            String[] in = {"JAXRPC 1.0", "JAXRPC 1.1", "JAXRPC 1.1.2", "JAXRPC 2.0", "EA"};
            NameType nt = new NameType();
            nt.getName().add(in[0]);
            nt.getName().add(in[1]);
            nt.getName().add(in[2]);
            nt.getName().add(in[3]);
            Holder req = new Holder(nt);
            helloPort.echoArray1(req);
            assertTrue(java.util.Arrays.equals(in, ((NameType) req.value).getName().toArray()));
    </client>

    <client name="test5">
            Holder req = new Holder();
            helloPort.echoArray2(req);
            assertNull(req.value);
    </client>

    <client name="test6">
            List in = new ArrayList();
            in.add("JAXRPC 1.0");
            in.add("JAXRPC 1.1");
            in.add("JAXRPC 1.1.2");
            in.add("JAXRPC 2.0");
            Holder req = new Holder(in);
            helloPort.echoArray3(req);
            assertEquals(in, req.value);
    </client>

    <client name="test7">
            NameType1 resp = helloPort.echoArray4(new NameType1());
            assertEquals(resp.getName().get(0).getArgument(), "arg1");
            assertEquals(resp.getName().get(0).getExtra(), "extra1");
            assertEquals(resp.getName().get(1).getArgument(), "arg2");
            assertEquals(resp.getName().get(1).getExtra(), "extra2");
    </client>
</descriptor>
