<?xml version="1.0" encoding="UTF-8"?>
<!--

    Copyright (c) 1997, 2019 Oracle and/or its affiliates. All rights reserved.

    This program and the accompanying materials are made available under the
    terms of the Eclipse Distribution License v. 1.0, which is available at
    http://www.eclipse.org/org/documents/edl-v10.php.

    SPDX-License-Identifier: BSD-3-Clause

-->

<descriptor since="2.1.4">
  <description>This is WebMethod test</description>

  <client name="method_has_WebMethod" sideEffectFree="true">
  <description>method_has_WebMethod</description>
  <![CDATA[
    assertEquals("str", testImplPort.method1("str"));
    assertEquals("str", testImplPort.method6("str"));
  ]]></client>

  <client name="static_final_no_WebMethod" sideEffectFree="true">
  <description>static_final_no_WebMethod</description>
  <![CDATA[
    Class clazz = fromjava.webmethod.staticfinal.client.TestImpl.class;
    java.lang.reflect.Method [] methods = clazz.getMethods();
    assertEquals(2, methods.length);
  ]]></client>


  <service basedir="./server">
  </service>

</descriptor>
