<?xml version="1.0" encoding="UTF-8"?>
<!--

    Copyright (c) 1997, 2019 Oracle and/or its affiliates. All rights reserved.

    This program and the accompanying materials are made available under the
    terms of the Eclipse Distribution License v. 1.0, which is available at
    http://www.eclipse.org/org/documents/edl-v10.php.

    SPDX-License-Identifier: BSD-3-Clause

-->

<descriptor since="2.1.4" uses="ri">
  <description>rest</description>

  <client name="rest_testAdd" sideEffectFree="true">
  <description>testAdd</description>
  <![CDATA[
    feature = new com.sun.xml.ws.developer.BindingTypeFeature(com.sun.xml.ws.developer.JAXWSProperties.REST_BINDING);
    proxy = echoImplService.getEchoImplPort(new WebServiceFeature[] {feature});
    assertEquals(5, proxy.add(2,3));
System.out.println(""+proxy.add(2,3));
  ]]></client>
    
  <service basedir="./server">
  </service>

</descriptor>
