<?xml version="1.0" encoding="UTF-8"?>
<!--

    Copyright (c) 1997, 2019 Oracle and/or its affiliates. All rights reserved.

    This program and the accompanying materials are made available under the
    terms of the Eclipse Distribution License v. 1.0, which is available at
    http://www.eclipse.org/org/documents/edl-v10.php.

    SPDX-License-Identifier: BSD-3-Clause

-->

<!-- Not yet fixed. fails with -wsgen=ignore option -->
<descriptor since="2.2.2">
  <description>xml_java_type_adapter_currency</description>

  <service basedir="./server">
  </service>

</descriptor>
