<?xml version="1.0" encoding="UTF-8"?>
<!--

    Copyright (c) 1997, 2019 Oracle and/or its affiliates. All rights reserved.

    This program and the accompanying materials are made available under the
    terms of the Eclipse Distribution License v. 1.0, which is available at
    http://www.eclipse.org/org/documents/edl-v10.php.

    SPDX-License-Identifier: BSD-3-Clause

-->

<descriptor since="2.0">
  <description>This is a Provider SOAP12 test</description>

  <client name="provider.soap12_doclit1" sideEffectFree="true"><![CDATA[
    Hello_Type req = new Hello_Type();
    req.setArgument("sendBean");
    req.setExtra("bar");
    HelloResponse response = helloPort.hello(req, req);
    assertEquals("foo", response.getArgument());
    assertEquals("bar", response.getExtra());
  ]]></client>

  <client name="provider.soap12_doclit2" sideEffectFree="true"><![CDATA[
    Hello_Type req = new Hello_Type();
    req.setArgument("sendSource");
    req.setExtra("bar");
    HelloResponse response = helloPort.hello(req, req);
    assertEquals("foo", response.getArgument());
    assertEquals("bar", response.getExtra());
  ]]></client>

  <client name="provider.soap12_doclit3" sideEffectFree="true"><![CDATA[
    try {
      Hello_Type req = new Hello_Type();
      req.setArgument("exp");
      req.setExtra("bar");
      HelloResponse response = helloPort.hello(req, req);
      assertEquals("foo", response.getArgument());
      assertEquals("bar", response.getExtra());
      assertTrue(false);
    } catch(SOAPFaultException e) {
    }
  ]]></client>

  <service basedir="./server">
    <wsdl href="hello_literal.wsdl"/>
  </service>

</descriptor>
