<?xml version="1.0" encoding="UTF-8"?>
<!--

    Copyright (c) 1997, 2019 Oracle and/or its affiliates. All rights reserved.

    This program and the accompanying materials are made available under the
    terms of the Eclipse Distribution License v. 1.0, which is available at
    http://www.eclipse.org/org/documents/edl-v10.php.

    SPDX-License-Identifier: BSD-3-Clause

-->

<descriptor since="2.1.3">
    <description>
        Tests Web Service on inner class
    </description>
    <client name="fromjava.innerclass">
        <![CDATA[
        Bar bar = new Bar();
        bar.setAge(33);

        assertNull(echoInnerPort.echoString(null));
        assertEquals("test", echoInnerPort.echoString("test"));
        assertEquals("Mary & Paul", echoInnerPort.echoString("Mary & Paul"));
        assertNull(echoInnerPort.echoBar(null));
        assertEquals(bar.getAge(), echoInnerPort.echoBar(bar).getAge());
        ]]>
    </client>
    <service class="fromjava.innerclass.EchoImpl$EchoInner"/>
</descriptor>
