<?xml version="1.0" encoding="UTF-8"?>
<!--

    Copyright (c) 1997, 2019 Oracle and/or its affiliates. All rights reserved.

    This program and the accompanying materials are made available under the
    terms of the Eclipse Distribution License v. 1.0, which is available at
    http://www.eclipse.org/org/documents/edl-v10.php.

    SPDX-License-Identifier: BSD-3-Clause

-->

<descriptor since="2.6" uses="ri">
    <!--since attr changed from 2.1.3 to 2.6 due to change to AbstractSEIModelImpl class-->
    <description>
        Test for com.sun.xml.ws.api.MessageHandler functionality
    </description>
    <client name="handler.messagehandler">
        <description>
            Checks if the handlers get invoked on Client and Service.
        </description>
     <![CDATA[
     /*
     * Each handler adds one to the int during request and response,
     * so we should receive the original number plus 4 if the
     * handlers are working.
     */
        int x = 1;
        int diff = 4; // 2 per handler invoked
        int y = helloPort.hello(x);
        //System.out.println("sent: " + x + ", expect " + (x+diff) + " back. received: " + y);
       //assertTrue(y == x+diff); // x+4 with all handlers
        ]]>
    </client>
    

    <service basedir="./server"/>
</descriptor>
