<?xml version="1.0" encoding="UTF-8"?>
<!--

    Copyright (c) 1997, 2019 Oracle and/or its affiliates. All rights reserved.

    This program and the accompanying materials are made available under the
    terms of the Eclipse Distribution License v. 1.0, which is available at
    http://www.eclipse.org/org/documents/edl-v10.php.

    SPDX-License-Identifier: BSD-3-Clause

-->

<descriptor since="2.1" uses="multi-endpoint">
    <description>
        Test stateful web service behavior.
    </description>
    <!--wsimport-client>-B-npa</wsimport-client-->
    <client href="test1.bsh"/>
    <client href="test2.bsh"/>
    <client href="test3.bsh"/>
    <client href="test4.bsh" since="2.2"/>
    <service/>
    <test-options>-noPackage</test-options>
</descriptor>
