<?xml version="1.0" encoding="UTF-8"?>
<!--

    Copyright (c) 1997, 2019 Oracle and/or its affiliates. All rights reserved.

    This program and the accompanying materials are made available under the
    terms of the Eclipse Distribution License v. 1.0, which is available at
    http://www.eclipse.org/org/documents/edl-v10.php.

    SPDX-License-Identifier: BSD-3-Clause

-->

<descriptor since="2.2.7" bugs="jaxws-1049" uses="ri">
    <description>JAXWS-1049: SOAPAction empty after reading from RequestContext</description>
    <service basedir="./server" />
</descriptor>
