<?xml version="1.0" encoding="UTF-8"?>
<!--

    Copyright (c) 1997, 2019 Oracle and/or its affiliates. All rights reserved.

    This program and the accompanying materials are made available under the
    terms of the Eclipse Distribution License v. 1.0, which is available at
    http://www.eclipse.org/org/documents/edl-v10.php.

    SPDX-License-Identifier: BSD-3-Clause

-->

<descriptor since="2.0">
  <description>This is a Provider test</description>

  <client name="fromjava.seiimpl1" sideEffectFree="true">
  <description>testSimple</description>
  <![CDATA[
        Bar bar = new Bar();
        bar.setAge(33);
        assertEquals("test", echoImplPort.echoString("test"));
        assertEquals("Mary & Paul", echoImplPort.echoString("Mary & Paul"));
        assertEquals(bar.getAge(), echoImplPort.echoBar(bar).getAge());
  ]]></client>

  <client name="fromjava.seiimpl2" sideEffectFree="true">
  <description>echoBarList</description>
  <![CDATA[
        Bar bar1 = new Bar();
        bar1.setAge(33); 
        Bar bar2 = new Bar();
        bar2.setAge(44);

        List barList = new ArrayList();
        barList.add(bar1);
        barList.add(bar2);

        List retList = echoImplPort.echoBarList(barList);
        assertEquals(2, retList.size());
        assertEquals(bar1.getAge(), ((Bar) retList.get(0)).getAge());
        assertEquals(bar2.getAge(), ((Bar) retList.get(1)).getAge());
  ]]></client>

  <service basedir="./server">
  </service>

</descriptor>
