<?xml version="1.0" encoding="UTF-8"?>
<!--

    Copyright (c) 1997, 2019 Oracle and/or its affiliates. All rights reserved.

    This program and the accompanying materials are made available under the
    terms of the Eclipse Distribution License v. 1.0, which is available at
    http://www.eclipse.org/org/documents/edl-v10.php.

    SPDX-License-Identifier: BSD-3-Clause

-->

<descriptor since="2.1">
    <description>
        Test to check that unncessary schema imports are generated in the generated wsdl.
        In this rpc-lit case where all the types are primtive, no extra schema is needed in the wsdl.
    </description>
    <client name="fromjava.extraschema"><![CDATA[

        //import org.w3c.dom.*;
        //import javax.xml.parsers.*;
        
        java.io.File f = new java.io.File(home,"work/services/war/WEB-INF/wsdl/TestEndpointService.wsdl");
        java.io.InputStream is = new java.io.FileInputStream(f);
        assertTrue(is != null);

        javax.xml.parsers.DocumentBuilderFactory dbf = javax.xml.parsers.DocumentBuilderFactory.newInstance();
        dbf.setNamespaceAware(true);
        dbf.setValidating(false);
        javax.xml.parsers.DocumentBuilder builder = dbf.newDocumentBuilder();
        org.w3c.dom.Document node = builder.parse(is);

        org.w3c.dom.Element e = null;
        for(org.w3c.dom.Node n = node.getFirstChild(); n != null; n = n.getNextSibling()) {
            if (n.getNodeType() == Node.ELEMENT_NODE) {
                e = (org.w3c.dom.Element)n;
                break;
            }
        }
        org.w3c.dom.NodeList nl = e.getElementsByTagNameNS("http://www.w3.org/2001/XMLSchema", "import");
        if(nl.getLength() > 0)
            System.out.println("Expected none but "+ nl.getLength()+" xs:import found!");
        assertTrue(nl.getLength() == 0);
    ]]></client>
    <service/>
</descriptor>
