<?xml version="1.0" encoding="UTF-8"?>
<!--

    Copyright (c) 1997, 2019 Oracle and/or its affiliates. All rights reserved.

    This program and the accompanying materials are made available under the
    terms of the Eclipse Distribution License v. 1.0, which is available at
    http://www.eclipse.org/org/documents/edl-v10.php.

    SPDX-License-Identifier: BSD-3-Clause

-->

<descriptor since="2.0" uses="ri">
  <description>This is a AsyncProvider test</description>

  <client name="wsdl_hello_lit_asyncprovider.test1" sideEffectFree="true"><![CDATA[
    req = new Hello_Type();
    req.setArgument("arg");
    req.setExtra("extra");
    for(i=0; i < 5; i++) {
        response = helloAsyncPort.hello(req, req);
        assertEquals("arg", response.getArgument());
        assertEquals("extra", response.getExtra());
    }
  ]]></client>

  <service basedir="./server">
    <wsdl href="hello_literal.wsdl"/>
  </service>

</descriptor>
