<?xml version="1.0" encoding="UTF-8"?>
<!--

    Copyright (c) 1997, 2019 Oracle and/or its affiliates. All rights reserved.

    This program and the accompanying materials are made available under the
    terms of the Eclipse Distribution License v. 1.0, which is available at
    http://www.eclipse.org/org/documents/edl-v10.php.

    SPDX-License-Identifier: BSD-3-Clause

-->

<descriptor since="2.1.7">
  <description>xml_java_type_adapter</description>

  <client name="textHexBinary" sideEffectFree="true">
  <description>textHexBinary</description>
  <![CDATA[
    // Use only [a-f] characters for 2nd parmeter ??
    String str = echoPort.echo("binary", "cafebabe");
    assertEquals("CAFEBABE", str);
  ]]></client>

  <service basedir="./server">
  </service>

</descriptor>
