<?xml version="1.0" encoding="UTF-8"?>
<!--

    Copyright (c) 1997, 2019 Oracle and/or its affiliates. All rights reserved.

    This program and the accompanying materials are made available under the
    terms of the Eclipse Distribution License v. 1.0, which is available at
    http://www.eclipse.org/org/documents/edl-v10.php.

    SPDX-License-Identifier: BSD-3-Clause

-->

<descriptor since="2.2.6" bugs="jaxws-670" uses="ri">
    <description>JAXWS-670: Incorrect encoding of action parameter in MIME multipart/related entity body's Content-Type header</description>
    <service basedir="./server" />
    <wsgen-options>-wsdl:Xsoap1.2 -extension</wsgen-options>
</descriptor>
