<?xml version="1.0" encoding="UTF-8"?>
<!--

    Copyright (c) 1997, 2019 Oracle and/or its affiliates. All rights reserved.

    This program and the accompanying materials are made available under the
    terms of the Eclipse Distribution License v. 1.0, which is available at
    http://www.eclipse.org/org/documents/edl-v10.php.

    SPDX-License-Identifier: BSD-3-Clause

-->

<descriptor since="2.1.3">
  <description>Asynchronous fault handling with doc/lit</description>
  <service basedir="./server">
    <wsdl href="hello_test.wsdl" />
  </service>
  <pre-client>
    // TODO-Miran: check this test
    // wait for the completion of the requets
    static void block(Future response) {
      System.out.print("\npolling for response ...");
      while (!response.isDone())
        Thread.yield();
    }
  </pre-client>
  <client name="async.doclit.fault1"><![CDATA[
    Hello_Type req = new Hello_Type();
    req.setArgument("foo");
    req.setExtra("bar");
    try{
        HelloOutput response = helloPort.hello(req);
    } catch(Exception e){
        System.out.println("e is " + e.getClass().getName());
        assertTrue(e instanceof HelloFault);
    }
  ]]></client>
  <client name="async.doclit.fault2"><![CDATA[
    Hello_Type req = new Hello_Type();
    req.setArgument("foo");
    req.setExtra("bar");
    try{
      block(helloPort.helloAsync(req));
    } catch(Exception e){
      assertTrue(e instanceof ExecutionException);
      assertTrue(e.getCause() instanceof HelloFault);
    }
  ]]></client>
  <client name="async.doclit.fault3"><![CDATA[
    Hello_Type req = new Hello_Type();
    req.setArgument("foo");
    req.setExtra("bar");
    HelloCallbackHandler handler = new HelloCallbackHandler();
    Future response = helloPort.helloAsync(req, handler);
    block(response);
    assertTrue(handler.correctException);
  ]]></client>
  <client name="async.doclit.fault4" since="2.1.4"><![CDATA[
    Hello_Type req = new Hello_Type();
    req.setArgument("foo");
    req.setExtra("bar");
    HelloCallbackHandler handler = new HelloCallbackHandler();
    Future response = helloPort.helloAsync(req, handler);
    block(response);
    assertTrue(handler.correctException);
    assertEquals(1, handler.noTimes);
  ]]></client>
</descriptor>
