<?xml version="1.0" encoding="UTF-8"?>
<!--

    Copyright (c) 1997, 2019 Oracle and/or its affiliates. All rights reserved.

    This program and the accompanying materials are made available under the
    terms of the Eclipse Distribution License v. 1.0, which is available at
    http://www.eclipse.org/org/documents/edl-v10.php.

    SPDX-License-Identifier: BSD-3-Clause

-->

<descriptor since="2.1">
    <description>
        Tests inherited annotations rules. 
    </description>
    <client name="fromjava.inherited-annotations">
        assertTrue(echoPort.echoA("A").equals("EchoBase2:A"));
        assertTrue(echoPort.echoB("B").equals("EchoBase:B"));
        assertTrue(echoPort.echoC("C").equals("EchoBase3:C"));
        assertTrue(echoPort.echoD("D").equals("EchoBase3:D"));
        assertTrue(echoPort.echoE("E").equals("EchoBase2:E"));
        assertTrue(echoPort.echoF("F").equals("EchoImpl:F"));
        assertTrue(echoPort.echoG("G").equals("EchoBase3:G"));
        assertTrue(echoPort.echoH("H").equals("EchoImpl:H"));
    </client>
    <service basedir="./server" class="fromjava.inherited_annotations.server.EchoImpl"/>
</descriptor>
