<?xml version="1.0" encoding="UTF-8"?>
<!--

    Copyright (c) 1997, 2020 Oracle and/or its affiliates. All rights reserved.

    This program and the accompanying materials are made available under the
    terms of the Eclipse Distribution License v. 1.0, which is available at
    http://www.eclipse.org/org/documents/edl-v10.php.

    SPDX-License-Identifier: BSD-3-Clause

-->

<descriptor since="4.0" uses="ri">
    <!--since attr changed from 2.1 to 2.6 due to change to in WSEndpointReference class-->
    <description>Tests EPR related API and behavior defined in spec</description>
    <service basedir="./server">
        <wsdl href="HelloService.wsdl"/>
    </service>
    
</descriptor>

