<!--

    Copyright (c) 2012, 2019 Oracle and/or its affiliates. All rights reserved.

    This program and the accompanying materials are made available under the
    terms of the Eclipse Distribution License v. 1.0, which is available at
    http://www.eclipse.org/org/documents/edl-v10.php.

    SPDX-License-Identifier: BSD-3-Clause

-->

<descriptor since="2.0" transport="http" uses="skip-lwhs">
  <description>This is a fromwsdl jaxws test </description>
  <wsimport-server>-p org.example</wsimport-server>
  <service basedir="./server">
    <wsdl href="ws1/AddNumbers.wsdl"/>
    <wsdl href="ws2/AddNumbers.wsdl"/>
  </service>
</descriptor>

