<?xml version="1.0" encoding="UTF-8"?>
<!--

    Copyright (c) 1997, 2019 Oracle and/or its affiliates. All rights reserved.

    This program and the accompanying materials are made available under the
    terms of the Eclipse Distribution License v. 1.0, which is available at
    http://www.eclipse.org/org/documents/edl-v10.php.

    SPDX-License-Identifier: BSD-3-Clause

-->

<descriptor since="2.2.6" bugs="jaxws-943" uses="multi-endpoint">
    <description>This is test for JAXWS-943 bug</description>
    <service basedir="./server" />
    <test-options>-noPackage</test-options>
</descriptor>

