<?xml version="1.0" encoding="UTF-8"?>
<!--

    Copyright (c) 1997, 2019 Oracle and/or its affiliates. All rights reserved.

    This program and the accompanying materials are made available under the
    terms of the Eclipse Distribution License v. 1.0, which is available at
    http://www.eclipse.org/org/documents/edl-v10.php.

    SPDX-License-Identifier: BSD-3-Clause

-->

<descriptor since="2.2">
  <description>holder_508</description>

  <client name="holder_508_test" sideEffectFree="true">
  <description>testEnum</description>
  <![CDATA[
    Holder holder = new Holder();
    assertEquals(30, addNumbersPort.addNumbers(holder,30));
  ]]></client>
    
  <service basedir="./server">
    <wsdl href="AddNumbers.wsdl"/>
  </service>

</descriptor>
