<?xml version="1.0" encoding="UTF-8"?>
<!--

    Copyright (c) 1997, 2019 Oracle and/or its affiliates. All rights reserved.

    This program and the accompanying materials are made available under the
    terms of the Eclipse Distribution License v. 1.0, which is available at
    http://www.eclipse.org/org/documents/edl-v10.php.

    SPDX-License-Identifier: BSD-3-Clause

-->

<descriptor since="2.1.4">
  <description>nosei_bare_466</description>

  <client name="nosei_bare_466_testHeaders" sideEffectFree="true">
  <description>testHeaders</description>
  <![CDATA[
        assertEquals(77L, echoPort.echoIn3Header(33, 44L, "dirk"));
  ]]></client>

  <service basedir="./server">
  </service>

</descriptor>
