<?xml version="1.0" encoding="UTF-8"?>
<!--

    Copyright (c) 1997, 2019 Oracle and/or its affiliates. All rights reserved.

    This program and the accompanying materials are made available under the
    terms of the Eclipse Distribution License v. 1.0, which is available at
    http://www.eclipse.org/org/documents/edl-v10.php.

    SPDX-License-Identifier: BSD-3-Clause

-->

<!--
Skipping this test because of
https://jaxp.dev.java.net/issues/show_bug.cgi?id=44

Works now with JDK6, but not with JDK5
-->
<descriptor since="2.2.1" uses="ri" skip="true">
    <description>Schema Validaiton using separate schema file</description>

    <service basedir="./server">
        <wsdl href="AddNumbers.wsdl"/>
    </service>
</descriptor>
