<?xml version="1.0" encoding="UTF-8"?>
<!--

    Copyright (c) 1997, 2019 Oracle and/or its affiliates. All rights reserved.

    This program and the accompanying materials are made available under the
    terms of the Eclipse Distribution License v. 1.0, which is available at
    http://www.eclipse.org/org/documents/edl-v10.php.

    SPDX-License-Identifier: BSD-3-Clause

-->

<descriptor since="2.1.3">
    <description>This is a embedded jaxws customization test</description>
    <service basedir="./server">
        <wsdl href="custom.wsdl"/>
    </service>
    <client name="test1">
        String arg = "Hello";
        String extra = "Works";

        Holder argHolder = new Holder();
        argHolder.value = arg;

        Holder extHolder = new Holder();
        extHolder.value = extra;

        helloPort.helloWorld(argHolder, extHolder);
        assertEquals(argHolder.value, arg + " World!");
        assertEquals(extHolder.value, extra + " Fine!");
    </client>
    <client name="test3">
        Foo req = new Foo();
        req.setFooChild1("Hello");
        req.setFooChild2("World!");
        FooResponse resp = helloPort.echoFoo(req);
        assertEquals(resp.getFooResponse1(), "Hello World!");
    </client>
    
    <client name="test2">
        helloPort.voidTest();
    </client>
</descriptor>
