<?xml version="1.0" encoding="UTF-8"?>
<!--

    Copyright (c) 1997, 2019 Oracle and/or its affiliates. All rights reserved.

    This program and the accompanying materials are made available under the
    terms of the Eclipse Distribution License v. 1.0, which is available at
    http://www.eclipse.org/org/documents/edl-v10.php.

    SPDX-License-Identifier: BSD-3-Clause

-->

<!--
   Depends on StreamingHandler which is available in 2.1.3 only.
   in-vm transport keeps all transport data in memory.
-->
<descriptor since="2.1.3" transport="http" uses="ri">
  <description>This is a fromwsdl swaref test</description>
  <service basedir="./server">
    <wsdl href="hello.wsdl"/>
  </service>
</descriptor>
