<?xml version="1.0" encoding="UTF-8"?>
<!--

    Copyright (c) 1997, 2019 Oracle and/or its affiliates. All rights reserved.

    This program and the accompanying materials are made available under the
    terms of the Eclipse Distribution License v. 1.0, which is available at
    http://www.eclipse.org/org/documents/edl-v10.php.

    SPDX-License-Identifier: BSD-3-Clause

-->

<descriptor since="2.2.6" uses="ri" transport="in-vm">
    <description>This is WebMethod legacy test</description>

    <system-properties>com.sun.xml.ws.legacyWebMethod=true</system-properties>

    <client name="method_has_WebMethod" sideEffectFree="true">
        <description>method_has_WebMethod</description>
        <![CDATA[
            assertEquals("str", testImplPort.method1("str"));
        ]]>
    </client>

    <client name="legacy_no_WebMethod" sideEffectFree="true">
        <description>legacy_no_WebMethod</description>
        <![CDATA[
            clazz = fromjava.webmethod.legacy.withWebMethod.client.TestImpl.class;
            methods = clazz.getMethods();
            assertEquals(2, methods.length);
            try {
              testImplPort.getClass().getMethod("method2", new Class[]{String.class});
              fail("method2 shouldn't be a Web Method");
            } catch(NoSuchMethodException e) {
            }
        ]]>
    </client>

    <service basedir="./server"/>
</descriptor>
