<?xml version="1.0" encoding="UTF-8"?>
<!--

    Copyright (c) 1997, 2019 Oracle and/or its affiliates. All rights reserved.

    This program and the accompanying materials are made available under the
    terms of the Eclipse Distribution License v. 1.0, which is available at
    http://www.eclipse.org/org/documents/edl-v10.php.

    SPDX-License-Identifier: BSD-3-Clause

-->

<descriptor since="2..1.3" uses="multi-endpoint">
  <description>Handler tests with single type handler tube
      The Service exercies handlers are properly invoked and
      closed in correct order with different ports in the service. 
  </description>
    
  <service basedir="./server">
      <wsdl href="hello_literal.wsdl"/>
  </service>

</descriptor>
