<?xml version="1.0" encoding="UTF-8"?>
<!--

    Copyright (c) 1997, 2019 Oracle and/or its affiliates. All rights reserved.

    This program and the accompanying materials are made available under the
    terms of the Eclipse Distribution License v. 1.0, which is available at
    http://www.eclipse.org/org/documents/edl-v10.php.

    SPDX-License-Identifier: BSD-3-Clause

-->

<descriptor since="2.2" uses="ri" bugs="jax-ws-674">
    <description>Tests RuntimeWSDLParser.java</description>
    <javac-options>-XDignore.symbol.file=true</javac-options>
</descriptor>

