<?xml version="1.0" encoding="UTF-8"?>
<!--

    Copyright (c) 2017, 2019 Oracle and/or its affiliates. All rights reserved.

    This program and the accompanying materials are made available under the
    terms of the Eclipse Distribution License v. 1.0, which is available at
    http://www.eclipse.org/org/documents/edl-v10.php.

    SPDX-License-Identifier: BSD-3-Clause

-->

<descriptor since="2.3.0">
  <description>Testing of web service with RPC</description>

  <client name="web_service_has_RPC" sideEffectFree="true">
  <description>Verification that web service returns correct values while SOAPBinding set to RPC</description>
  <![CDATA[
        Holder h1 = new Holder("1");
        Holder h2 = new Holder("2");
        String result = echoImplPort.holderOperation(h1, h2);
        assertEquals("success", result);
        assertEquals("11", h1.value);
        assertEquals("22", h2.value);
  ]]></client>

  <service basedir="./server">
  </service>

</descriptor>
