<?xml version="1.0" encoding="UTF-8"?>
<!--

    Copyright (c) 1997, 2019 Oracle and/or its affiliates. All rights reserved.

    This program and the accompanying materials are made available under the
    terms of the Eclipse Distribution License v. 1.0, which is available at
    http://www.eclipse.org/org/documents/edl-v10.php.

    SPDX-License-Identifier: BSD-3-Clause

-->

<descriptor since="2.1" bugs="jax-ws-529">
    <description>WSDL Rpclit tests</description>
    <service basedir="./server">
        <wsdl href="WrapperService.wsdl"/>
    </service>
    <client name="fromwsdl.wsa.wsdl_rpclit.echoMsgOperation" since="2.1.4">
        <description>
            Test WS-Addressing with rpclit
        </description>
        assertEquals(wrapperPort.echoMsgOperation("Duke"),"Hello Duke");
    </client>

</descriptor>
