<?xml version="1.0" encoding="UTF-8"?>
<!--

    Copyright (c) 1997, 2019 Oracle and/or its affiliates. All rights reserved.

    This program and the accompanying materials are made available under the
    terms of the Eclipse Distribution License v. 1.0, which is available at
    http://www.eclipse.org/org/documents/edl-v10.php.

    SPDX-License-Identifier: BSD-3-Clause

-->

<descriptor since="2.1">
    <description>
        Tests from Java Web Service with generics 
    </description>
    <client name="fromjava.generics">
        <![CDATA[
        Bar bar = new Bar();
        bar.setAge(33);
        assertTrue(echoPort.echoString(null) == null);
        assertTrue(echoPort.echoString("test").equals("test"));
        assertTrue(echoPort.echoString("Mary & Paul").equals("Mary & Paul"));
        assertTrue(echoPort.echoBar(null) == null);
        assertTrue(echoPort.echoBar(bar).getAge() == bar.getAge());
        ]]>
    </client>
    <service/>
</descriptor>
